<?xml version="1.0" encoding="UTF-8"?>
<testsuite name="hello.servlet.ServletApplicationTests" tests="1" skipped="0" failures="0" errors="0" timestamp="2021-04-04T15:20:34" hostname="hangyuyeon-ui-MacBookAir.local" time="0.382">
  <properties/>
  <testcase name="contextLoads()" classname="hello.servlet.ServletApplicationTests" time="0.382"/>
  <system-out><![CDATA[00:20:30.367 [Test worker] DEBUG org.springframework.test.context.BootstrapUtils - Instantiating CacheAwareContextLoaderDelegate from class [org.springframework.test.context.cache.DefaultCacheAwareContextLoaderDelegate]
00:20:30.386 [Test worker] DEBUG org.springframework.test.context.BootstrapUtils - Instantiating BootstrapContext using constructor [public org.springframework.test.context.support.DefaultBootstrapContext(java.lang.Class,org.springframework.test.context.CacheAwareContextLoaderDelegate)]
00:20:30.480 [Test worker] DEBUG org.springframework.test.context.BootstrapUtils - Instantiating TestContextBootstrapper for test class [hello.servlet.ServletApplicationTests] from class [org.springframework.boot.test.context.SpringBootTestContextBootstrapper]
00:20:30.508 [Test worker] INFO org.springframework.boot.test.context.SpringBootTestContextBootstrapper - Neither @ContextConfiguration nor @ContextHierarchy found for test class [hello.servlet.ServletApplicationTests], using SpringBootContextLoader
00:20:30.512 [Test worker] DEBUG org.springframework.test.context.support.AbstractContextLoader - Did not detect default resource location for test class [hello.servlet.ServletApplicationTests]: class path resource [hello/servlet/ServletApplicationTests-context.xml] does not exist
00:20:30.514 [Test worker] DEBUG org.springframework.test.context.support.AbstractContextLoader - Did not detect default resource location for test class [hello.servlet.ServletApplicationTests]: class path resource [hello/servlet/ServletApplicationTestsContext.groovy] does not exist
00:20:30.514 [Test worker] INFO org.springframework.test.context.support.AbstractContextLoader - Could not detect default resource locations for test class [hello.servlet.ServletApplicationTests]: no resource found for suffixes {-context.xml, Context.groovy}.
00:20:30.520 [Test worker] INFO org.springframework.test.context.support.AnnotationConfigContextLoaderUtils - Could not detect default configuration classes for test class [hello.servlet.ServletApplicationTests]: ServletApplicationTests does not declare any static, non-private, non-final, nested classes annotated with @Configuration.
00:20:30.662 [Test worker] DEBUG org.springframework.test.context.support.ActiveProfilesUtils - Could not find an 'annotation declaring class' for annotation type [org.springframework.test.context.ActiveProfiles] and class [hello.servlet.ServletApplicationTests]
00:20:30.813 [Test worker] DEBUG org.springframework.context.annotation.ClassPathScanningCandidateComponentProvider - Identified candidate component class: file [/Users/gyuyeon/Desktop/SpringStudy/servlet/build/classes/java/main/hello/servlet/ServletApplication.class]
00:20:30.820 [Test worker] INFO org.springframework.boot.test.context.SpringBootTestContextBootstrapper - Found @SpringBootConfiguration hello.servlet.ServletApplication for test class hello.servlet.ServletApplicationTests
00:20:30.950 [Test worker] DEBUG org.springframework.boot.test.context.SpringBootTestContextBootstrapper - @TestExecutionListeners is not present for class [hello.servlet.ServletApplicationTests]: using defaults.
00:20:30.952 [Test worker] INFO org.springframework.boot.test.context.SpringBootTestContextBootstrapper - Loaded default TestExecutionListener class names from location [META-INF/spring.factories]: [org.springframework.boot.test.autoconfigure.restdocs.RestDocsTestExecutionListener, org.springframework.boot.test.autoconfigure.web.client.MockRestServiceServerResetTestExecutionListener, org.springframework.boot.test.autoconfigure.web.servlet.MockMvcPrintOnlyOnFailureTestExecutionListener, org.springframework.boot.test.autoconfigure.web.servlet.WebDriverTestExecutionListener, org.springframework.boot.test.autoconfigure.webservices.client.MockWebServiceServerTestExecutionListener, org.springframework.boot.test.mock.mockito.MockitoTestExecutionListener, org.springframework.boot.test.mock.mockito.ResetMocksTestExecutionListener, org.springframework.test.context.web.ServletTestExecutionListener, org.springframework.test.context.support.DirtiesContextBeforeModesTestExecutionListener, org.springframework.test.context.event.ApplicationEventsTestExecutionListener, org.springframework.test.context.support.DependencyInjectionTestExecutionListener, org.springframework.test.context.support.DirtiesContextTestExecutionListener, org.springframework.test.context.transaction.TransactionalTestExecutionListener, org.springframework.test.context.jdbc.SqlScriptsTestExecutionListener, org.springframework.test.context.event.EventPublishingTestExecutionListener]
00:20:30.965 [Test worker] DEBUG org.springframework.boot.test.context.SpringBootTestContextBootstrapper - Skipping candidate TestExecutionListener [org.springframework.test.context.transaction.TransactionalTestExecutionListener] due to a missing dependency. Specify custom listener classes or make the default listener classes and their required dependencies available. Offending class: [org/springframework/transaction/interceptor/TransactionAttributeSource]
00:20:30.967 [Test worker] DEBUG org.springframework.boot.test.context.SpringBootTestContextBootstrapper - Skipping candidate TestExecutionListener [org.springframework.test.context.jdbc.SqlScriptsTestExecutionListener] due to a missing dependency. Specify custom listener classes or make the default listener classes and their required dependencies available. Offending class: [org/springframework/transaction/interceptor/TransactionAttribute]
00:20:30.967 [Test worker] INFO org.springframework.boot.test.context.SpringBootTestContextBootstrapper - Using TestExecutionListeners: [org.springframework.test.context.web.ServletTestExecutionListener@1a1a85a7, org.springframework.test.context.support.DirtiesContextBeforeModesTestExecutionListener@73a94ee5, org.springframework.test.context.event.ApplicationEventsTestExecutionListener@558c278, org.springframework.boot.test.mock.mockito.MockitoTestExecutionListener@61552f57, org.springframework.boot.test.autoconfigure.SpringBootDependencyInjectionTestExecutionListener@2f2ca967, org.springframework.test.context.support.DirtiesContextTestExecutionListener@16cb1401, org.springframework.test.context.event.EventPublishingTestExecutionListener@55c35fa2, org.springframework.boot.test.autoconfigure.restdocs.RestDocsTestExecutionListener@1d24edda, org.springframework.boot.test.autoconfigure.web.client.MockRestServiceServerResetTestExecutionListener@57090888, org.springframework.boot.test.autoconfigure.web.servlet.MockMvcPrintOnlyOnFailureTestExecutionListener@192c6574, org.springframework.boot.test.autoconfigure.web.servlet.WebDriverTestExecutionListener@565d07bc, org.springframework.boot.test.autoconfigure.webservices.client.MockWebServiceServerTestExecutionListener@6cad6a90, org.springframework.boot.test.mock.mockito.ResetMocksTestExecutionListener@737f62c5]
00:20:30.971 [Test worker] DEBUG org.springframework.test.context.support.AbstractDirtiesContextTestExecutionListener - Before test class: context [DefaultTestContext@5bd30549 testClass = ServletApplicationTests, testInstance = [null], testMethod = [null], testException = [null], mergedContextConfiguration = [WebMergedContextConfiguration@2f5802d7 testClass = ServletApplicationTests, locations = '{}', classes = '{class hello.servlet.ServletApplication}', contextInitializerClasses = '[]', activeProfiles = '{}', propertySourceLocations = '{}', propertySourceProperties = '{org.springframework.boot.test.context.SpringBootTestContextBootstrapper=true}', contextCustomizers = set[org.springframework.boot.test.autoconfigure.actuate.metrics.MetricsExportContextCustomizerFactory$DisableMetricExportContextCustomizer@ef2f599, org.springframework.boot.test.autoconfigure.properties.PropertyMappingContextCustomizer@0, org.springframework.boot.test.autoconfigure.web.servlet.WebDriverContextCustomizerFactory$Customizer@4fac7a24, org.springframework.boot.test.context.filter.ExcludeFilterContextCustomizer@10f5f192, org.springframework.boot.test.json.DuplicateJsonObjectContextCustomizerFactory$DuplicateJsonObjectContextCustomizer@1ebfd16, org.springframework.boot.test.mock.mockito.MockitoContextCustomizer@0, org.springframework.boot.test.web.client.TestRestTemplateContextCustomizer@1d0fe6de, org.springframework.boot.test.context.SpringBootTestArgs@1, org.springframework.boot.test.context.SpringBootTestWebEnvironment@a8f4beb], resourceBasePath = 'src/main/webapp', contextLoader = 'org.springframework.boot.test.context.SpringBootContextLoader', parent = [null]], attributes = map['org.springframework.test.context.web.ServletTestExecutionListener.activateListener' -> true]], class annotated with @DirtiesContext [false] with mode [null].
00:20:31.084 [Test worker] DEBUG org.springframework.test.context.support.TestPropertySourceUtils - Adding inlined properties to environment: {spring.jmx.enabled=false, org.springframework.boot.test.context.SpringBootTestContextBootstrapper=true}

  .   ____          _            __ _ _
 /\\ / ___'_ __ _ _(_)_ __  __ _ \ \ \ \
( ( )\___ | '_ | '_| | '_ \/ _` | \ \ \ \
 \\/  ___)| |_)| | | | | || (_| |  ) ) ) )
  '  |____| .__|_| |_|_| |_\__, | / / / /
 =========|_|==============|___/=/_/_/_/
 :: Spring Boot ::                (v2.4.4)

2021-04-05 00:20:31.968  INFO 59454 --- [    Test worker] hello.servlet.ServletApplicationTests    : Starting ServletApplicationTests using Java 15.0.2 on hangyuyeon-ui-MacBookAir.local with PID 59454 (started by gyuyeon in /Users/gyuyeon/Desktop/SpringStudy/servlet)
2021-04-05 00:20:31.974  INFO 59454 --- [    Test worker] hello.servlet.ServletApplicationTests    : No active profile set, falling back to default profiles: default
2021-04-05 00:20:34.383  INFO 59454 --- [    Test worker] o.s.s.concurrent.ThreadPoolTaskExecutor  : Initializing ExecutorService 'applicationTaskExecutor'
2021-04-05 00:20:34.612  INFO 59454 --- [    Test worker] o.s.b.a.w.s.WelcomePageHandlerMapping    : Adding welcome page: ServletContext resource [/index.html]
2021-04-05 00:20:34.869  INFO 59454 --- [    Test worker] hello.servlet.ServletApplicationTests    : Started ServletApplicationTests in 3.775 seconds (JVM running for 6.14)
]]></system-out>
  <system-err><![CDATA[]]></system-err>
</testsuite>
